# Name:    138EN-H
# y_ppm:  111.39590    0.00002
# yw_hz:   19.12257    0.00447
# y_eta:   -0.09300    0.00291
# x_ppm:   10.16939    0.00002
# xw_hz:   20.25464    0.06405
# x_eta:    0.38559    0.00836
#---------------------------------------------
#          Z               I           I_err
    -12000.0   -7.362337e+05    1.101230e+04
     -1800.0   -4.911316e+05    1.101230e+04
     -1775.0   -5.242153e+05    1.101230e+04
     -1750.0   -5.122077e+05    1.101230e+04
     -1725.0   -5.074847e+05    1.101230e+04
     -1700.0   -5.152471e+05    1.101230e+04
     -1675.0   -4.956769e+05    1.101230e+04
     -1650.0   -4.889902e+05    1.101230e+04
     -1625.0   -4.900355e+05    1.101230e+04
     -1600.0   -5.165246e+05    1.101230e+04
     -1575.0   -4.747885e+05    1.101230e+04
     -1550.0   -4.926327e+05    1.101230e+04
     -1525.0   -5.103630e+05    1.101230e+04
     -1500.0   -5.166546e+05    1.101230e+04
     -1475.0   -5.187673e+05    1.101230e+04
     -1450.0   -5.139844e+05    1.101230e+04
     -1425.0   -5.106362e+05    1.101230e+04
     -1400.0   -5.033532e+05    1.101230e+04
     -1375.0   -4.899398e+05    1.101230e+04
     -1350.0   -5.062655e+05    1.101230e+04
     -1325.0   -4.906207e+05    1.101230e+04
     -1300.0   -5.055470e+05    1.101230e+04
     -1275.0   -4.889875e+05    1.101230e+04
     -1250.0   -5.014548e+05    1.101230e+04
     -1225.0   -4.843559e+05    1.101230e+04
     -1200.0   -5.170990e+05    1.101230e+04
     -1175.0   -5.104463e+05    1.101230e+04
     -1150.0   -4.925919e+05    1.101230e+04
     -1125.0   -4.878577e+05    1.101230e+04
     -1100.0   -4.915240e+05    1.101230e+04
     -1075.0   -5.090664e+05    1.101230e+04
     -1050.0   -5.092767e+05    1.101230e+04
     -1025.0   -4.830173e+05    1.101230e+04
     -1000.0   -5.062189e+05    1.101230e+04
      -975.0   -5.018433e+05    1.101230e+04
      -950.0   -5.096900e+05    1.101230e+04
      -925.0   -4.996868e+05    1.101230e+04
      -900.0   -5.034587e+05    1.101230e+04
      -875.0   -5.062996e+05    1.101230e+04
      -850.0   -4.934844e+05    1.101230e+04
      -825.0   -4.913364e+05    1.101230e+04
      -800.0   -4.810147e+05    1.101230e+04
      -775.0   -4.996841e+05    1.101230e+04
      -750.0   -5.173934e+05    1.101230e+04
      -725.0   -4.738357e+05    1.101230e+04
      -700.0   -4.989484e+05    1.101230e+04
      -675.0   -4.924210e+05    1.101230e+04
      -650.0   -5.091219e+05    1.101230e+04
      -625.0   -5.055732e+05    1.101230e+04
      -600.0   -4.697973e+05    1.101230e+04
      -575.0   -5.081706e+05    1.101230e+04
      -550.0   -5.160196e+05    1.101230e+04
      -525.0   -4.937166e+05    1.101230e+04
      -500.0   -4.971851e+05    1.101230e+04
      -475.0   -5.164323e+05    1.101230e+04
      -450.0   -5.095648e+05    1.101230e+04
      -425.0   -5.150030e+05    1.101230e+04
      -400.0   -5.153281e+05    1.101230e+04
      -375.0   -4.943973e+05    1.101230e+04
      -350.0   -4.982054e+05    1.101230e+04
      -325.0   -4.782341e+05    1.101230e+04
      -300.0   -5.059560e+05    1.101230e+04
      -275.0   -4.959526e+05    1.101230e+04
      -250.0   -4.938532e+05    1.101230e+04
      -225.0   -5.124308e+05    1.101230e+04
      -200.0   -4.903008e+05    1.101230e+04
      -175.0   -4.958849e+05    1.101230e+04
      -150.0   -5.023938e+05    1.101230e+04
      -125.0   -4.839429e+05    1.101230e+04
      -100.0   -5.035565e+05    1.101230e+04
       -75.0   -5.108242e+05    1.101230e+04
       -50.0   -5.123262e+05    1.101230e+04
       -25.0   -4.827650e+05    1.101230e+04
         0.0   -5.156851e+05    1.101230e+04
        25.0   -5.037782e+05    1.101230e+04
        50.0   -5.044623e+05    1.101230e+04
        75.0   -4.979964e+05    1.101230e+04
       100.0   -5.050212e+05    1.101230e+04
       125.0   -4.699657e+05    1.101230e+04
       150.0   -5.062322e+05    1.101230e+04
       175.0   -4.833084e+05    1.101230e+04
       200.0   -4.789522e+05    1.101230e+04
       225.0   -5.072548e+05    1.101230e+04
       250.0   -5.012434e+05    1.101230e+04
       275.0   -4.745379e+05    1.101230e+04
       300.0   -5.082794e+05    1.101230e+04
       325.0   -4.912278e+05    1.101230e+04
       350.0   -4.939160e+05    1.101230e+04
       375.0   -4.782427e+05    1.101230e+04
       400.0   -4.853131e+05    1.101230e+04
       425.0   -4.910627e+05    1.101230e+04
       450.0   -4.825074e+05    1.101230e+04
       475.0   -4.747678e+05    1.101230e+04
       500.0   -4.644147e+05    1.101230e+04
       525.0   -4.618157e+05    1.101230e+04
       550.0   -4.692146e+05    1.101230e+04
       575.0   -4.378828e+05    1.101230e+04
       600.0   -4.675314e+05    1.101230e+04
       625.0   -4.458227e+05    1.101230e+04
       650.0   -4.279701e+05    1.101230e+04
       675.0   -3.993269e+05    1.101230e+04
       700.0   -3.516457e+05    1.101230e+04
       725.0   -2.769466e+05    1.101230e+04
       750.0   -1.428745e+05    1.101230e+04
       775.0   -4.805047e+04    1.101230e+04
       800.0    6.390635e+03    1.101230e+04
       825.0    1.900675e+04    1.101230e+04
       850.0   -1.809035e+04    1.101230e+04
       875.0   -1.243909e+05    1.101230e+04
       900.0   -2.660120e+05    1.101230e+04
       925.0   -3.258338e+05    1.101230e+04
       950.0   -3.670805e+05    1.101230e+04
       975.0   -4.317462e+05    1.101230e+04
      1000.0   -4.270744e+05    1.101230e+04
      1025.0   -4.647241e+05    1.101230e+04
      1050.0   -4.672106e+05    1.101230e+04
      1075.0   -4.686388e+05    1.101230e+04
      1100.0   -5.030538e+05    1.101230e+04
      1125.0   -4.686358e+05    1.101230e+04
      1150.0   -4.753665e+05    1.101230e+04
      1175.0   -4.817826e+05    1.101230e+04
      1200.0   -5.008907e+05    1.101230e+04
      1225.0   -4.992119e+05    1.101230e+04
      1250.0   -4.868110e+05    1.101230e+04
      1275.0   -4.858841e+05    1.101230e+04
      1300.0   -4.922363e+05    1.101230e+04
      1325.0   -4.845119e+05    1.101230e+04
      1350.0   -4.959730e+05    1.101230e+04
      1375.0   -4.977786e+05    1.101230e+04
      1400.0   -5.126582e+05    1.101230e+04
      1425.0   -4.894202e+05    1.101230e+04
