# Name:     147N-H
# y_ppm:  115.57167    0.00042
# yw_hz:   26.71077    0.36682
# y_eta:   -1.00000    0.12707
# x_ppm:    8.35535    0.00009
# xw_hz:   18.84606    0.10909
# x_eta:    0.79346    0.04766
#---------------------------------------------
#          Z               I           I_err
    -12000.0    1.915761e+05    1.045975e+04
     -1800.0    9.540717e+04    1.045975e+04
     -1775.0    9.727925e+04    1.045975e+04
     -1750.0    9.306106e+04    1.045975e+04
     -1725.0    1.135242e+05    1.045975e+04
     -1700.0    9.764346e+04    1.045975e+04
     -1675.0    8.369843e+04    1.045975e+04
     -1650.0    9.145484e+04    1.045975e+04
     -1625.0    1.069390e+05    1.045975e+04
     -1600.0    8.962944e+04    1.045975e+04
     -1575.0    1.123171e+05    1.045975e+04
     -1550.0    1.055686e+05    1.045975e+04
     -1525.0    1.082776e+05    1.045975e+04
     -1500.0    9.548427e+04    1.045975e+04
     -1475.0    7.975755e+04    1.045975e+04
     -1450.0    1.100699e+05    1.045975e+04
     -1425.0    1.060709e+05    1.045975e+04
     -1400.0    9.587863e+04    1.045975e+04
     -1375.0    8.365256e+04    1.045975e+04
     -1350.0    1.153734e+05    1.045975e+04
     -1325.0    9.864791e+04    1.045975e+04
     -1300.0    9.523519e+04    1.045975e+04
     -1275.0    9.155822e+04    1.045975e+04
     -1250.0    1.111498e+05    1.045975e+04
     -1225.0    1.172399e+05    1.045975e+04
     -1200.0    9.104093e+04    1.045975e+04
     -1175.0    1.060945e+05    1.045975e+04
     -1150.0    9.606596e+04    1.045975e+04
     -1125.0    1.175707e+05    1.045975e+04
     -1100.0    1.096535e+05    1.045975e+04
     -1075.0    7.199813e+04    1.045975e+04
     -1050.0    8.620807e+04    1.045975e+04
     -1025.0    1.054370e+05    1.045975e+04
     -1000.0    1.148108e+05    1.045975e+04
      -975.0    1.217095e+05    1.045975e+04
      -950.0    9.211749e+04    1.045975e+04
      -925.0    9.347416e+04    1.045975e+04
      -900.0    1.134165e+05    1.045975e+04
      -875.0    1.000815e+05    1.045975e+04
      -850.0    1.064703e+05    1.045975e+04
      -825.0    1.191168e+05    1.045975e+04
      -800.0    9.136464e+04    1.045975e+04
      -775.0    1.094957e+05    1.045975e+04
      -750.0    9.203630e+04    1.045975e+04
      -725.0    9.530585e+04    1.045975e+04
      -700.0    1.097267e+05    1.045975e+04
      -675.0    1.052120e+05    1.045975e+04
      -650.0    1.002243e+05    1.045975e+04
      -625.0    1.004133e+05    1.045975e+04
      -600.0    9.951933e+04    1.045975e+04
      -575.0    8.976211e+04    1.045975e+04
      -550.0    9.377979e+04    1.045975e+04
      -525.0    8.532324e+04    1.045975e+04
      -500.0    6.049931e+04    1.045975e+04
      -475.0    9.717515e+04    1.045975e+04
      -450.0    5.204559e+04    1.045975e+04
      -425.0    1.551337e+04    1.045975e+04
      -400.0   -1.810241e+03    1.045975e+04
      -375.0   -3.551695e+03    1.045975e+04
      -350.0   -1.859738e+04    1.045975e+04
      -325.0   -2.186112e+04    1.045975e+04
      -300.0    3.330595e+03    1.045975e+04
      -275.0    3.572844e+04    1.045975e+04
      -250.0    4.468330e+04    1.045975e+04
      -225.0    6.261543e+04    1.045975e+04
      -200.0    7.629141e+04    1.045975e+04
      -175.0    9.451495e+04    1.045975e+04
      -150.0    8.892977e+04    1.045975e+04
      -125.0    9.790451e+04    1.045975e+04
      -100.0    9.956529e+04    1.045975e+04
       -75.0    8.652221e+04    1.045975e+04
       -50.0    1.290792e+05    1.045975e+04
       -25.0    1.014335e+05    1.045975e+04
         0.0    1.116713e+05    1.045975e+04
        25.0    9.150569e+04    1.045975e+04
        50.0    9.945514e+04    1.045975e+04
        75.0    9.991349e+04    1.045975e+04
       100.0    1.397071e+05    1.045975e+04
       125.0    1.048679e+05    1.045975e+04
       150.0    1.083754e+05    1.045975e+04
       175.0    1.057648e+05    1.045975e+04
       200.0    1.230272e+05    1.045975e+04
       225.0    1.142350e+05    1.045975e+04
       250.0    1.123095e+05    1.045975e+04
       275.0    1.008609e+05    1.045975e+04
       300.0    1.137741e+05    1.045975e+04
       325.0    9.204793e+04    1.045975e+04
       350.0    9.391710e+04    1.045975e+04
       375.0    1.231876e+05    1.045975e+04
       400.0    1.092586e+05    1.045975e+04
       425.0    7.167015e+04    1.045975e+04
       450.0    1.110144e+05    1.045975e+04
       475.0    1.120110e+05    1.045975e+04
       500.0    9.900423e+04    1.045975e+04
       525.0    1.105051e+05    1.045975e+04
       550.0    1.223199e+05    1.045975e+04
       575.0    9.363966e+04    1.045975e+04
       600.0    1.151923e+05    1.045975e+04
       625.0    1.108989e+05    1.045975e+04
       650.0    1.097938e+05    1.045975e+04
       675.0    1.107750e+05    1.045975e+04
       700.0    1.005402e+05    1.045975e+04
       725.0    9.887294e+04    1.045975e+04
       750.0    1.165191e+05    1.045975e+04
       775.0    9.693037e+04    1.045975e+04
       800.0    1.053105e+05    1.045975e+04
       825.0    8.042110e+04    1.045975e+04
       850.0    1.247947e+05    1.045975e+04
       875.0    1.119627e+05    1.045975e+04
       900.0    1.011806e+05    1.045975e+04
       925.0    1.269661e+05    1.045975e+04
       950.0    1.042893e+05    1.045975e+04
       975.0    1.163559e+05    1.045975e+04
      1000.0    1.191192e+05    1.045975e+04
      1025.0    9.934876e+04    1.045975e+04
      1050.0    1.188349e+05    1.045975e+04
      1075.0    8.846976e+04    1.045975e+04
      1100.0    1.043497e+05    1.045975e+04
      1125.0    1.116016e+05    1.045975e+04
      1150.0    1.093392e+05    1.045975e+04
      1175.0    1.076321e+05    1.045975e+04
      1200.0    1.035459e+05    1.045975e+04
      1225.0    8.350310e+04    1.045975e+04
      1250.0    1.000097e+05    1.045975e+04
      1275.0    1.060299e+05    1.045975e+04
      1300.0    1.044187e+05    1.045975e+04
      1325.0    1.099228e+05    1.045975e+04
      1350.0    1.186093e+05    1.045975e+04
      1375.0    1.181901e+05    1.045975e+04
      1400.0    9.522380e+04    1.045975e+04
      1425.0    1.118016e+05    1.045975e+04
