# Name:       2N-H
# y_ppm:  115.63152    0.00001
# yw_hz:   19.18462    0.01697
# y_eta:   -0.06597    0.00408
# x_ppm:    6.86732    0.00001
# xw_hz:   15.84523    0.01364
# x_eta:   -0.37177    0.00421
#---------------------------------------------
#          Z               I           I_err
    -12000.0    1.225391e+06    1.227412e+04
     -1800.0    7.154800e+05    1.227412e+04
     -1775.0    7.328619e+05    1.227412e+04
     -1750.0    7.483629e+05    1.227412e+04
     -1725.0    7.386223e+05    1.227412e+04
     -1700.0    7.435281e+05    1.227412e+04
     -1675.0    7.348893e+05    1.227412e+04
     -1650.0    7.313930e+05    1.227412e+04
     -1625.0    7.244039e+05    1.227412e+04
     -1600.0    7.594717e+05    1.227412e+04
     -1575.0    7.184033e+05    1.227412e+04
     -1550.0    7.295359e+05    1.227412e+04
     -1525.0    7.463422e+05    1.227412e+04
     -1500.0    7.364984e+05    1.227412e+04
     -1475.0    7.171041e+05    1.227412e+04
     -1450.0    7.258148e+05    1.227412e+04
     -1425.0    7.551642e+05    1.227412e+04
     -1400.0    7.504644e+05    1.227412e+04
     -1375.0    7.086953e+05    1.227412e+04
     -1350.0    7.195418e+05    1.227412e+04
     -1325.0    7.367178e+05    1.227412e+04
     -1300.0    7.224113e+05    1.227412e+04
     -1275.0    7.377494e+05    1.227412e+04
     -1250.0    7.614524e+05    1.227412e+04
     -1225.0    7.252786e+05    1.227412e+04
     -1200.0    7.524649e+05    1.227412e+04
     -1175.0    7.430849e+05    1.227412e+04
     -1150.0    7.537264e+05    1.227412e+04
     -1125.0    7.362838e+05    1.227412e+04
     -1100.0    7.405073e+05    1.227412e+04
     -1075.0    7.652219e+05    1.227412e+04
     -1050.0    7.300732e+05    1.227412e+04
     -1025.0    7.110245e+05    1.227412e+04
     -1000.0    7.310359e+05    1.227412e+04
      -975.0    7.217998e+05    1.227412e+04
      -950.0    7.462097e+05    1.227412e+04
      -925.0    7.096678e+05    1.227412e+04
      -900.0    7.280875e+05    1.227412e+04
      -875.0    7.233182e+05    1.227412e+04
      -850.0    7.332421e+05    1.227412e+04
      -825.0    7.281893e+05    1.227412e+04
      -800.0    7.060940e+05    1.227412e+04
      -775.0    7.058319e+05    1.227412e+04
      -750.0    7.065470e+05    1.227412e+04
      -725.0    7.098575e+05    1.227412e+04
      -700.0    7.104634e+05    1.227412e+04
      -675.0    6.993960e+05    1.227412e+04
      -650.0    6.999765e+05    1.227412e+04
      -625.0    6.897738e+05    1.227412e+04
      -600.0    6.680084e+05    1.227412e+04
      -575.0    6.875849e+05    1.227412e+04
      -550.0    6.569397e+05    1.227412e+04
      -525.0    6.241678e+05    1.227412e+04
      -500.0    5.882442e+05    1.227412e+04
      -475.0    5.270838e+05    1.227412e+04
      -450.0    4.223511e+05    1.227412e+04
      -425.0    2.788636e+05    1.227412e+04
      -400.0    5.884197e+04    1.227412e+04
      -375.0   -2.057997e+04    1.227412e+04
      -350.0    1.293044e+04    1.227412e+04
      -325.0    5.542814e+03    1.227412e+04
      -300.0    2.237165e+05    1.227412e+04
      -275.0    3.830172e+05    1.227412e+04
      -250.0    5.325070e+05    1.227412e+04
      -225.0    5.573789e+05    1.227412e+04
      -200.0    6.086844e+05    1.227412e+04
      -175.0    6.699966e+05    1.227412e+04
      -150.0    6.721156e+05    1.227412e+04
      -125.0    6.684625e+05    1.227412e+04
      -100.0    6.619490e+05    1.227412e+04
       -75.0    7.070727e+05    1.227412e+04
       -50.0    7.070436e+05    1.227412e+04
       -25.0    6.954351e+05    1.227412e+04
         0.0    7.229229e+05    1.227412e+04
        25.0    7.114520e+05    1.227412e+04
        50.0    7.188265e+05    1.227412e+04
        75.0    7.184877e+05    1.227412e+04
       100.0    7.188147e+05    1.227412e+04
       125.0    7.214896e+05    1.227412e+04
       150.0    7.326656e+05    1.227412e+04
       175.0    7.418717e+05    1.227412e+04
       200.0    7.167177e+05    1.227412e+04
       225.0    7.168568e+05    1.227412e+04
       250.0    7.300578e+05    1.227412e+04
       275.0    7.382118e+05    1.227412e+04
       300.0    7.326972e+05    1.227412e+04
       325.0    7.359031e+05    1.227412e+04
       350.0    7.399273e+05    1.227412e+04
       375.0    7.293488e+05    1.227412e+04
       400.0    7.586417e+05    1.227412e+04
       425.0    7.054116e+05    1.227412e+04
       450.0    7.248310e+05    1.227412e+04
       475.0    7.088528e+05    1.227412e+04
       500.0    7.491580e+05    1.227412e+04
       525.0    7.296000e+05    1.227412e+04
       550.0    7.625714e+05    1.227412e+04
       575.0    7.457469e+05    1.227412e+04
       600.0    7.394492e+05    1.227412e+04
       625.0    7.021664e+05    1.227412e+04
       650.0    7.272873e+05    1.227412e+04
       675.0    7.368384e+05    1.227412e+04
       700.0    7.455536e+05    1.227412e+04
       725.0    7.436292e+05    1.227412e+04
       750.0    7.219369e+05    1.227412e+04
       775.0    7.412488e+05    1.227412e+04
       800.0    7.352431e+05    1.227412e+04
       825.0    7.290838e+05    1.227412e+04
       850.0    7.236306e+05    1.227412e+04
       875.0    7.202421e+05    1.227412e+04
       900.0    7.290239e+05    1.227412e+04
       925.0    7.161363e+05    1.227412e+04
       950.0    7.284571e+05    1.227412e+04
       975.0    7.296131e+05    1.227412e+04
      1000.0    7.341719e+05    1.227412e+04
      1025.0    7.288380e+05    1.227412e+04
      1050.0    7.432649e+05    1.227412e+04
      1075.0    7.359663e+05    1.227412e+04
      1100.0    7.318011e+05    1.227412e+04
      1125.0    7.359788e+05    1.227412e+04
      1150.0    7.586247e+05    1.227412e+04
      1175.0    7.515662e+05    1.227412e+04
      1200.0    7.318383e+05    1.227412e+04
      1225.0    7.350746e+05    1.227412e+04
      1250.0    7.131998e+05    1.227412e+04
      1275.0    7.412021e+05    1.227412e+04
      1300.0    7.477964e+05    1.227412e+04
      1325.0    7.336388e+05    1.227412e+04
      1350.0    7.217673e+05    1.227412e+04
      1375.0    7.002456e+05    1.227412e+04
      1400.0    7.476021e+05    1.227412e+04
      1425.0    7.273528e+05    1.227412e+04
