# Name:      42N-H
# y_ppm:  121.10784    0.00003
# yw_hz:   19.35399    0.02111
# y_eta:    0.16073    0.01254
# x_ppm:    7.62622    0.00003
# xw_hz:   17.86465    0.04576
# x_eta:    0.01939    0.01062
#---------------------------------------------
#          Z               I           I_err
    -12000.0    8.691137e+05    1.097775e+04
     -1800.0    5.362943e+05    1.097775e+04
     -1775.0    5.221052e+05    1.097775e+04
     -1750.0    5.420284e+05    1.097775e+04
     -1725.0    5.225531e+05    1.097775e+04
     -1700.0    5.174261e+05    1.097775e+04
     -1675.0    5.160353e+05    1.097775e+04
     -1650.0    5.356593e+05    1.097775e+04
     -1625.0    5.452565e+05    1.097775e+04
     -1600.0    5.270496e+05    1.097775e+04
     -1575.0    5.284741e+05    1.097775e+04
     -1550.0    5.296779e+05    1.097775e+04
     -1525.0    5.389098e+05    1.097775e+04
     -1500.0    5.306698e+05    1.097775e+04
     -1475.0    5.375086e+05    1.097775e+04
     -1450.0    5.355348e+05    1.097775e+04
     -1425.0    5.308930e+05    1.097775e+04
     -1400.0    5.594812e+05    1.097775e+04
     -1375.0    5.284297e+05    1.097775e+04
     -1350.0    5.484552e+05    1.097775e+04
     -1325.0    5.505167e+05    1.097775e+04
     -1300.0    5.458560e+05    1.097775e+04
     -1275.0    5.324732e+05    1.097775e+04
     -1250.0    5.329309e+05    1.097775e+04
     -1225.0    5.129799e+05    1.097775e+04
     -1200.0    5.394606e+05    1.097775e+04
     -1175.0    5.589792e+05    1.097775e+04
     -1150.0    5.519978e+05    1.097775e+04
     -1125.0    5.406887e+05    1.097775e+04
     -1100.0    5.327206e+05    1.097775e+04
     -1075.0    5.391873e+05    1.097775e+04
     -1050.0    5.093404e+05    1.097775e+04
     -1025.0    5.249516e+05    1.097775e+04
     -1000.0    5.454038e+05    1.097775e+04
      -975.0    5.474799e+05    1.097775e+04
      -950.0    5.272625e+05    1.097775e+04
      -925.0    5.515284e+05    1.097775e+04
      -900.0    5.204230e+05    1.097775e+04
      -875.0    5.185631e+05    1.097775e+04
      -850.0    5.524752e+05    1.097775e+04
      -825.0    5.550377e+05    1.097775e+04
      -800.0    5.317544e+05    1.097775e+04
      -775.0    5.426959e+05    1.097775e+04
      -750.0    5.434429e+05    1.097775e+04
      -725.0    5.438139e+05    1.097775e+04
      -700.0    5.396681e+05    1.097775e+04
      -675.0    5.581606e+05    1.097775e+04
      -650.0    5.323380e+05    1.097775e+04
      -625.0    5.659611e+05    1.097775e+04
      -600.0    5.463524e+05    1.097775e+04
      -575.0    5.276467e+05    1.097775e+04
      -550.0    5.299269e+05    1.097775e+04
      -525.0    5.559239e+05    1.097775e+04
      -500.0    5.166539e+05    1.097775e+04
      -475.0    5.304458e+05    1.097775e+04
      -450.0    5.333674e+05    1.097775e+04
      -425.0    5.250505e+05    1.097775e+04
      -400.0    5.288786e+05    1.097775e+04
      -375.0    5.033184e+05    1.097775e+04
      -350.0    5.129363e+05    1.097775e+04
      -325.0    5.214563e+05    1.097775e+04
      -300.0    5.307739e+05    1.097775e+04
      -275.0    5.076477e+05    1.097775e+04
      -250.0    5.065084e+05    1.097775e+04
      -225.0    5.211692e+05    1.097775e+04
      -200.0    5.185460e+05    1.097775e+04
      -175.0    5.059191e+05    1.097775e+04
      -150.0    5.161471e+05    1.097775e+04
      -125.0    4.850723e+05    1.097775e+04
      -100.0    4.509794e+05    1.097775e+04
       -75.0    4.509916e+05    1.097775e+04
       -50.0    4.084250e+05    1.097775e+04
       -25.0    3.634916e+05    1.097775e+04
         0.0    2.929733e+05    1.097775e+04
        25.0    1.566642e+05    1.097775e+04
        50.0    1.124318e+02    1.097775e+04
        75.0    1.366864e+04    1.097775e+04
       100.0   -2.060187e+04    1.097775e+04
       125.0    3.845718e+04    1.097775e+04
       150.0    1.859884e+05    1.097775e+04
       175.0    2.712814e+05    1.097775e+04
       200.0    3.531782e+05    1.097775e+04
       225.0    4.185434e+05    1.097775e+04
       250.0    4.582575e+05    1.097775e+04
       275.0    4.629977e+05    1.097775e+04
       300.0    4.717910e+05    1.097775e+04
       325.0    4.876047e+05    1.097775e+04
       350.0    4.952506e+05    1.097775e+04
       375.0    5.158561e+05    1.097775e+04
       400.0    5.128229e+05    1.097775e+04
       425.0    5.033256e+05    1.097775e+04
       450.0    5.246878e+05    1.097775e+04
       475.0    5.157755e+05    1.097775e+04
       500.0    5.254753e+05    1.097775e+04
       525.0    5.351508e+05    1.097775e+04
       550.0    5.370722e+05    1.097775e+04
       575.0    5.297908e+05    1.097775e+04
       600.0    5.194900e+05    1.097775e+04
       625.0    5.349879e+05    1.097775e+04
       650.0    5.399569e+05    1.097775e+04
       675.0    5.282170e+05    1.097775e+04
       700.0    5.365465e+05    1.097775e+04
       725.0    5.265473e+05    1.097775e+04
       750.0    5.440506e+05    1.097775e+04
       775.0    5.220864e+05    1.097775e+04
       800.0    5.438326e+05    1.097775e+04
       825.0    5.237870e+05    1.097775e+04
       850.0    5.453782e+05    1.097775e+04
       875.0    5.305067e+05    1.097775e+04
       900.0    5.331586e+05    1.097775e+04
       925.0    5.245530e+05    1.097775e+04
       950.0    5.318027e+05    1.097775e+04
       975.0    5.102100e+05    1.097775e+04
      1000.0    5.464189e+05    1.097775e+04
      1025.0    5.391315e+05    1.097775e+04
      1050.0    5.374740e+05    1.097775e+04
      1075.0    5.375235e+05    1.097775e+04
      1100.0    5.499118e+05    1.097775e+04
      1125.0    5.212802e+05    1.097775e+04
      1150.0    5.371762e+05    1.097775e+04
      1175.0    5.419899e+05    1.097775e+04
      1200.0    5.329467e+05    1.097775e+04
      1225.0    5.406125e+05    1.097775e+04
      1250.0    5.514753e+05    1.097775e+04
      1275.0    5.497393e+05    1.097775e+04
      1300.0    5.532537e+05    1.097775e+04
      1325.0    5.309005e+05    1.097775e+04
      1350.0    5.294092e+05    1.097775e+04
      1375.0    5.571574e+05    1.097775e+04
      1400.0    5.246378e+05    1.097775e+04
      1425.0    5.460048e+05    1.097775e+04
