# Name:    126EN-H
# y_ppm:  112.02184    0.00002
# yw_hz:   18.40922    0.04950
# y_eta:   -0.14497    0.02633
# x_ppm:   10.40411    0.00002
# xw_hz:   19.37163    0.05147
# x_eta:   -0.17590    0.02133
#---------------------------------------------
#          Z               I           I_err
    -12000.0   -8.111249e+05    1.213900e+04
     -1800.0   -5.632738e+05    1.213900e+04
     -1775.0   -5.753894e+05    1.213900e+04
     -1750.0   -5.521079e+05    1.213900e+04
     -1725.0   -5.657353e+05    1.213900e+04
     -1700.0   -5.618526e+05    1.213900e+04
     -1675.0   -5.843174e+05    1.213900e+04
     -1650.0   -5.741362e+05    1.213900e+04
     -1625.0   -5.740960e+05    1.213900e+04
     -1600.0   -5.634254e+05    1.213900e+04
     -1575.0   -5.838808e+05    1.213900e+04
     -1550.0   -5.647335e+05    1.213900e+04
     -1525.0   -5.718605e+05    1.213900e+04
     -1500.0   -5.923754e+05    1.213900e+04
     -1475.0   -5.823434e+05    1.213900e+04
     -1450.0   -5.695026e+05    1.213900e+04
     -1425.0   -5.587105e+05    1.213900e+04
     -1400.0   -5.791024e+05    1.213900e+04
     -1375.0   -5.717352e+05    1.213900e+04
     -1350.0   -5.792353e+05    1.213900e+04
     -1325.0   -5.827679e+05    1.213900e+04
     -1300.0   -5.607933e+05    1.213900e+04
     -1275.0   -5.645120e+05    1.213900e+04
     -1250.0   -5.672121e+05    1.213900e+04
     -1225.0   -5.761713e+05    1.213900e+04
     -1200.0   -5.754200e+05    1.213900e+04
     -1175.0   -5.746930e+05    1.213900e+04
     -1150.0   -5.695127e+05    1.213900e+04
     -1125.0   -5.873028e+05    1.213900e+04
     -1100.0   -5.668659e+05    1.213900e+04
     -1075.0   -5.689488e+05    1.213900e+04
     -1050.0   -5.942035e+05    1.213900e+04
     -1025.0   -5.739857e+05    1.213900e+04
     -1000.0   -5.449093e+05    1.213900e+04
      -975.0   -5.523043e+05    1.213900e+04
      -950.0   -5.702087e+05    1.213900e+04
      -925.0   -5.695370e+05    1.213900e+04
      -900.0   -5.552781e+05    1.213900e+04
      -875.0   -5.843846e+05    1.213900e+04
      -850.0   -5.749450e+05    1.213900e+04
      -825.0   -5.620272e+05    1.213900e+04
      -800.0   -5.570544e+05    1.213900e+04
      -775.0   -5.718600e+05    1.213900e+04
      -750.0   -5.677241e+05    1.213900e+04
      -725.0   -5.661723e+05    1.213900e+04
      -700.0   -5.661622e+05    1.213900e+04
      -675.0   -5.726504e+05    1.213900e+04
      -650.0   -5.886194e+05    1.213900e+04
      -625.0   -5.831415e+05    1.213900e+04
      -600.0   -5.635999e+05    1.213900e+04
      -575.0   -5.703515e+05    1.213900e+04
      -550.0   -5.851320e+05    1.213900e+04
      -525.0   -5.710594e+05    1.213900e+04
      -500.0   -5.796442e+05    1.213900e+04
      -475.0   -5.676690e+05    1.213900e+04
      -450.0   -5.871024e+05    1.213900e+04
      -425.0   -5.905018e+05    1.213900e+04
      -400.0   -5.658815e+05    1.213900e+04
      -375.0   -5.575695e+05    1.213900e+04
      -350.0   -5.797050e+05    1.213900e+04
      -325.0   -5.761575e+05    1.213900e+04
      -300.0   -5.659123e+05    1.213900e+04
      -275.0   -5.774554e+05    1.213900e+04
      -250.0   -5.750813e+05    1.213900e+04
      -225.0   -5.543407e+05    1.213900e+04
      -200.0   -5.868208e+05    1.213900e+04
      -175.0   -5.643073e+05    1.213900e+04
      -150.0   -5.656458e+05    1.213900e+04
      -125.0   -5.564652e+05    1.213900e+04
      -100.0   -5.652917e+05    1.213900e+04
       -75.0   -5.706954e+05    1.213900e+04
       -50.0   -5.635741e+05    1.213900e+04
       -25.0   -5.387572e+05    1.213900e+04
         0.0   -5.718745e+05    1.213900e+04
        25.0   -5.549403e+05    1.213900e+04
        50.0   -5.904228e+05    1.213900e+04
        75.0   -5.760136e+05    1.213900e+04
       100.0   -5.612563e+05    1.213900e+04
       125.0   -5.667671e+05    1.213900e+04
       150.0   -5.752319e+05    1.213900e+04
       175.0   -5.680347e+05    1.213900e+04
       200.0   -5.649129e+05    1.213900e+04
       225.0   -5.663494e+05    1.213900e+04
       250.0   -5.587120e+05    1.213900e+04
       275.0   -5.497335e+05    1.213900e+04
       300.0   -5.797289e+05    1.213900e+04
       325.0   -5.603757e+05    1.213900e+04
       350.0   -5.560503e+05    1.213900e+04
       375.0   -5.709896e+05    1.213900e+04
       400.0   -5.755356e+05    1.213900e+04
       425.0   -5.955717e+05    1.213900e+04
       450.0   -5.743748e+05    1.213900e+04
       475.0   -5.219632e+05    1.213900e+04
       500.0   -5.691734e+05    1.213900e+04
       525.0   -5.616760e+05    1.213900e+04
       550.0   -5.507788e+05    1.213900e+04
       575.0   -5.578875e+05    1.213900e+04
       600.0   -5.513704e+05    1.213900e+04
       625.0   -5.408909e+05    1.213900e+04
       650.0   -4.984798e+05    1.213900e+04
       675.0   -5.231726e+05    1.213900e+04
       700.0   -4.891030e+05    1.213900e+04
       725.0   -4.574683e+05    1.213900e+04
       750.0   -4.366685e+05    1.213900e+04
       775.0   -3.247978e+05    1.213900e+04
       800.0   -2.153003e+05    1.213900e+04
       825.0   -5.276575e+04    1.213900e+04
       850.0   -6.858323e+03    1.213900e+04
       875.0   -7.855169e+02    1.213900e+04
       900.0   -1.635308e+04    1.213900e+04
       925.0   -1.972952e+05    1.213900e+04
       950.0   -3.097105e+05    1.213900e+04
       975.0   -4.079834e+05    1.213900e+04
      1000.0   -4.589695e+05    1.213900e+04
      1025.0   -5.072002e+05    1.213900e+04
      1050.0   -5.023631e+05    1.213900e+04
      1075.0   -5.319865e+05    1.213900e+04
      1100.0   -5.208080e+05    1.213900e+04
      1125.0   -5.440504e+05    1.213900e+04
      1150.0   -5.370176e+05    1.213900e+04
      1175.0   -5.530910e+05    1.213900e+04
      1200.0   -5.707623e+05    1.213900e+04
      1225.0   -5.339884e+05    1.213900e+04
      1250.0   -5.486862e+05    1.213900e+04
      1275.0   -5.409396e+05    1.213900e+04
      1300.0   -5.548155e+05    1.213900e+04
      1325.0   -5.605473e+05    1.213900e+04
      1350.0   -5.499040e+05    1.213900e+04
      1375.0   -5.446323e+05    1.213900e+04
      1400.0   -5.712806e+05    1.213900e+04
      1425.0   -5.675093e+05    1.213900e+04
