# Name:     129N-H
# y_ppm:  122.44598    0.00002
# yw_hz:   20.23692    0.04821
# y_eta:    0.08281    0.01570
# x_ppm:    8.71866    0.00002
# xw_hz:   18.05197    0.04175
# x_eta:   -0.19538    0.01780
#---------------------------------------------
#          Z               I           I_err
    -12000.0    9.258284e+05    1.213900e+04
     -1800.0    5.872232e+05    1.213900e+04
     -1775.0    5.809975e+05    1.213900e+04
     -1750.0    5.805761e+05    1.213900e+04
     -1725.0    5.669316e+05    1.213900e+04
     -1700.0    5.640872e+05    1.213900e+04
     -1675.0    5.913659e+05    1.213900e+04
     -1650.0    5.790277e+05    1.213900e+04
     -1625.0    5.633897e+05    1.213900e+04
     -1600.0    5.653219e+05    1.213900e+04
     -1575.0    5.542764e+05    1.213900e+04
     -1550.0    5.600331e+05    1.213900e+04
     -1525.0    5.738532e+05    1.213900e+04
     -1500.0    5.679240e+05    1.213900e+04
     -1475.0    5.590677e+05    1.213900e+04
     -1450.0    5.716855e+05    1.213900e+04
     -1425.0    5.601171e+05    1.213900e+04
     -1400.0    5.627351e+05    1.213900e+04
     -1375.0    5.739864e+05    1.213900e+04
     -1350.0    6.083213e+05    1.213900e+04
     -1325.0    5.429881e+05    1.213900e+04
     -1300.0    5.735150e+05    1.213900e+04
     -1275.0    5.687006e+05    1.213900e+04
     -1250.0    5.703558e+05    1.213900e+04
     -1225.0    5.652149e+05    1.213900e+04
     -1200.0    5.631236e+05    1.213900e+04
     -1175.0    6.054583e+05    1.213900e+04
     -1150.0    5.761531e+05    1.213900e+04
     -1125.0    5.853249e+05    1.213900e+04
     -1100.0    5.691292e+05    1.213900e+04
     -1075.0    5.880544e+05    1.213900e+04
     -1050.0    5.884292e+05    1.213900e+04
     -1025.0    5.620013e+05    1.213900e+04
     -1000.0    5.428339e+05    1.213900e+04
      -975.0    5.720648e+05    1.213900e+04
      -950.0    5.738556e+05    1.213900e+04
      -925.0    5.594814e+05    1.213900e+04
      -900.0    5.618119e+05    1.213900e+04
      -875.0    5.647723e+05    1.213900e+04
      -850.0    5.864420e+05    1.213900e+04
      -825.0    5.660349e+05    1.213900e+04
      -800.0    5.688052e+05    1.213900e+04
      -775.0    5.545221e+05    1.213900e+04
      -750.0    5.588270e+05    1.213900e+04
      -725.0    5.748673e+05    1.213900e+04
      -700.0    5.543337e+05    1.213900e+04
      -675.0    5.689297e+05    1.213900e+04
      -650.0    5.758686e+05    1.213900e+04
      -625.0    5.656725e+05    1.213900e+04
      -600.0    5.569500e+05    1.213900e+04
      -575.0    5.385862e+05    1.213900e+04
      -550.0    5.403707e+05    1.213900e+04
      -525.0    5.686028e+05    1.213900e+04
      -500.0    5.655270e+05    1.213900e+04
      -475.0    5.535266e+05    1.213900e+04
      -450.0    5.824315e+05    1.213900e+04
      -425.0    5.745459e+05    1.213900e+04
      -400.0    5.608876e+05    1.213900e+04
      -375.0    5.722428e+05    1.213900e+04
      -350.0    5.499928e+05    1.213900e+04
      -325.0    5.534165e+05    1.213900e+04
      -300.0    5.654666e+05    1.213900e+04
      -275.0    5.614913e+05    1.213900e+04
      -250.0    5.355655e+05    1.213900e+04
      -225.0    5.795390e+05    1.213900e+04
      -200.0    5.794899e+05    1.213900e+04
      -175.0    5.449900e+05    1.213900e+04
      -150.0    5.533906e+05    1.213900e+04
      -125.0    5.377326e+05    1.213900e+04
      -100.0    5.391526e+05    1.213900e+04
       -75.0    5.271483e+05    1.213900e+04
       -50.0    5.387026e+05    1.213900e+04
       -25.0    5.299091e+05    1.213900e+04
         0.0    4.642921e+05    1.213900e+04
        25.0    4.767717e+05    1.213900e+04
        50.0    4.446873e+05    1.213900e+04
        75.0    4.071285e+05    1.213900e+04
       100.0    3.298404e+05    1.213900e+04
       125.0    1.637064e+05    1.213900e+04
       150.0    3.701539e+04    1.213900e+04
       175.0   -1.394837e+03    1.213900e+04
       200.0   -3.657880e+03    1.213900e+04
       225.0    8.905334e+03    1.213900e+04
       250.0    1.216236e+05    1.213900e+04
       275.0    2.640541e+05    1.213900e+04
       300.0    3.612807e+05    1.213900e+04
       325.0    4.287550e+05    1.213900e+04
       350.0    4.591436e+05    1.213900e+04
       375.0    4.810443e+05    1.213900e+04
       400.0    4.955856e+05    1.213900e+04
       425.0    5.276843e+05    1.213900e+04
       450.0    5.264592e+05    1.213900e+04
       475.0    5.365916e+05    1.213900e+04
       500.0    5.151949e+05    1.213900e+04
       525.0    5.359893e+05    1.213900e+04
       550.0    5.353900e+05    1.213900e+04
       575.0    5.474884e+05    1.213900e+04
       600.0    5.547541e+05    1.213900e+04
       625.0    5.512073e+05    1.213900e+04
       650.0    5.597283e+05    1.213900e+04
       675.0    5.588877e+05    1.213900e+04
       700.0    5.438627e+05    1.213900e+04
       725.0    5.427607e+05    1.213900e+04
       750.0    5.416095e+05    1.213900e+04
       775.0    5.453756e+05    1.213900e+04
       800.0    5.692923e+05    1.213900e+04
       825.0    5.480164e+05    1.213900e+04
       850.0    5.501218e+05    1.213900e+04
       875.0    5.697743e+05    1.213900e+04
       900.0    5.669177e+05    1.213900e+04
       925.0    5.650206e+05    1.213900e+04
       950.0    5.630322e+05    1.213900e+04
       975.0    5.567593e+05    1.213900e+04
      1000.0    5.671790e+05    1.213900e+04
      1025.0    5.715579e+05    1.213900e+04
      1050.0    5.765389e+05    1.213900e+04
      1075.0    5.737280e+05    1.213900e+04
      1100.0    5.803398e+05    1.213900e+04
      1125.0    5.635185e+05    1.213900e+04
      1150.0    5.583524e+05    1.213900e+04
      1175.0    5.620821e+05    1.213900e+04
      1200.0    5.527607e+05    1.213900e+04
      1225.0    5.651118e+05    1.213900e+04
      1250.0    5.655595e+05    1.213900e+04
      1275.0    5.506289e+05    1.213900e+04
      1300.0    5.680360e+05    1.213900e+04
      1325.0    5.883438e+05    1.213900e+04
      1350.0    6.016044e+05    1.213900e+04
      1375.0    5.716144e+05    1.213900e+04
      1400.0    5.765394e+05    1.213900e+04
      1425.0    5.724228e+05    1.213900e+04
