# Name:    138EN-H
# y_ppm:  111.39606    0.00002
# yw_hz:   19.11102    0.05573
# y_eta:   -0.10543    0.02440
# x_ppm:   10.16939    0.00002
# xw_hz:   20.35577    0.06290
# x_eta:    0.26231    0.02018
#---------------------------------------------
#          Z               I           I_err
    -12000.0   -7.338006e+05    1.213900e+04
     -1800.0   -4.888877e+05    1.213900e+04
     -1775.0   -5.228851e+05    1.213900e+04
     -1750.0   -5.096757e+05    1.213900e+04
     -1725.0   -5.061442e+05    1.213900e+04
     -1700.0   -5.123744e+05    1.213900e+04
     -1675.0   -4.926243e+05    1.213900e+04
     -1650.0   -4.863814e+05    1.213900e+04
     -1625.0   -4.878916e+05    1.213900e+04
     -1600.0   -5.143723e+05    1.213900e+04
     -1575.0   -4.736756e+05    1.213900e+04
     -1550.0   -4.895834e+05    1.213900e+04
     -1525.0   -5.080243e+05    1.213900e+04
     -1500.0   -5.154902e+05    1.213900e+04
     -1475.0   -5.163989e+05    1.213900e+04
     -1450.0   -5.109789e+05    1.213900e+04
     -1425.0   -5.088605e+05    1.213900e+04
     -1400.0   -5.006982e+05    1.213900e+04
     -1375.0   -4.879388e+05    1.213900e+04
     -1350.0   -5.045219e+05    1.213900e+04
     -1325.0   -4.878253e+05    1.213900e+04
     -1300.0   -5.038910e+05    1.213900e+04
     -1275.0   -4.865261e+05    1.213900e+04
     -1250.0   -4.977568e+05    1.213900e+04
     -1225.0   -4.822749e+05    1.213900e+04
     -1200.0   -5.138083e+05    1.213900e+04
     -1175.0   -5.095602e+05    1.213900e+04
     -1150.0   -4.892949e+05    1.213900e+04
     -1125.0   -4.856523e+05    1.213900e+04
     -1100.0   -4.908573e+05    1.213900e+04
     -1075.0   -5.065805e+05    1.213900e+04
     -1050.0   -5.067780e+05    1.213900e+04
     -1025.0   -4.796623e+05    1.213900e+04
     -1000.0   -5.033838e+05    1.213900e+04
      -975.0   -4.995278e+05    1.213900e+04
      -950.0   -5.072668e+05    1.213900e+04
      -925.0   -4.987115e+05    1.213900e+04
      -900.0   -5.025209e+05    1.213900e+04
      -875.0   -5.043781e+05    1.213900e+04
      -850.0   -4.914488e+05    1.213900e+04
      -825.0   -4.886653e+05    1.213900e+04
      -800.0   -4.784073e+05    1.213900e+04
      -775.0   -4.983113e+05    1.213900e+04
      -750.0   -5.156820e+05    1.213900e+04
      -725.0   -4.708244e+05    1.213900e+04
      -700.0   -4.976942e+05    1.213900e+04
      -675.0   -4.905555e+05    1.213900e+04
      -650.0   -5.069103e+05    1.213900e+04
      -625.0   -5.047066e+05    1.213900e+04
      -600.0   -4.674490e+05    1.213900e+04
      -575.0   -5.055562e+05    1.213900e+04
      -550.0   -5.136586e+05    1.213900e+04
      -525.0   -4.903759e+05    1.213900e+04
      -500.0   -4.957143e+05    1.213900e+04
      -475.0   -5.141054e+05    1.213900e+04
      -450.0   -5.078318e+05    1.213900e+04
      -425.0   -5.123013e+05    1.213900e+04
      -400.0   -5.143120e+05    1.213900e+04
      -375.0   -4.918834e+05    1.213900e+04
      -350.0   -4.959921e+05    1.213900e+04
      -325.0   -4.755103e+05    1.213900e+04
      -300.0   -5.045376e+05    1.213900e+04
      -275.0   -4.939033e+05    1.213900e+04
      -250.0   -4.913209e+05    1.213900e+04
      -225.0   -5.112358e+05    1.213900e+04
      -200.0   -4.874245e+05    1.213900e+04
      -175.0   -4.940054e+05    1.213900e+04
      -150.0   -5.006236e+05    1.213900e+04
      -125.0   -4.812875e+05    1.213900e+04
      -100.0   -5.013389e+05    1.213900e+04
       -75.0   -5.087567e+05    1.213900e+04
       -50.0   -5.104530e+05    1.213900e+04
       -25.0   -4.807391e+05    1.213900e+04
         0.0   -5.140505e+05    1.213900e+04
        25.0   -5.018651e+05    1.213900e+04
        50.0   -5.029659e+05    1.213900e+04
        75.0   -4.959944e+05    1.213900e+04
       100.0   -5.030135e+05    1.213900e+04
       125.0   -4.679860e+05    1.213900e+04
       150.0   -5.045304e+05    1.213900e+04
       175.0   -4.813136e+05    1.213900e+04
       200.0   -4.776648e+05    1.213900e+04
       225.0   -5.047437e+05    1.213900e+04
       250.0   -4.989205e+05    1.213900e+04
       275.0   -4.725549e+05    1.213900e+04
       300.0   -5.072579e+05    1.213900e+04
       325.0   -4.899595e+05    1.213900e+04
       350.0   -4.911062e+05    1.213900e+04
       375.0   -4.759084e+05    1.213900e+04
       400.0   -4.822535e+05    1.213900e+04
       425.0   -4.890293e+05    1.213900e+04
       450.0   -4.804030e+05    1.213900e+04
       475.0   -4.732759e+05    1.213900e+04
       500.0   -4.629279e+05    1.213900e+04
       525.0   -4.598259e+05    1.213900e+04
       550.0   -4.676036e+05    1.213900e+04
       575.0   -4.354341e+05    1.213900e+04
       600.0   -4.644632e+05    1.213900e+04
       625.0   -4.447074e+05    1.213900e+04
       650.0   -4.266800e+05    1.213900e+04
       675.0   -3.974959e+05    1.213900e+04
       700.0   -3.497361e+05    1.213900e+04
       725.0   -2.759257e+05    1.213900e+04
       750.0   -1.429512e+05    1.213900e+04
       775.0   -4.800702e+04    1.213900e+04
       800.0    6.058332e+03    1.213900e+04
       825.0    1.893346e+04    1.213900e+04
       850.0   -1.809988e+04    1.213900e+04
       875.0   -1.225477e+05    1.213900e+04
       900.0   -2.654943e+05    1.213900e+04
       925.0   -3.236046e+05    1.213900e+04
       950.0   -3.652528e+05    1.213900e+04
       975.0   -4.300593e+05    1.213900e+04
      1000.0   -4.250204e+05    1.213900e+04
      1025.0   -4.637000e+05    1.213900e+04
      1050.0   -4.646992e+05    1.213900e+04
      1075.0   -4.681531e+05    1.213900e+04
      1100.0   -5.015115e+05    1.213900e+04
      1125.0   -4.673528e+05    1.213900e+04
      1150.0   -4.734979e+05    1.213900e+04
      1175.0   -4.798088e+05    1.213900e+04
      1200.0   -4.981249e+05    1.213900e+04
      1225.0   -4.971522e+05    1.213900e+04
      1250.0   -4.843683e+05    1.213900e+04
      1275.0   -4.831957e+05    1.213900e+04
      1300.0   -4.908198e+05    1.213900e+04
      1325.0   -4.814484e+05    1.213900e+04
      1350.0   -4.932655e+05    1.213900e+04
      1375.0   -4.947961e+05    1.213900e+04
      1400.0   -5.101876e+05    1.213900e+04
      1425.0   -4.877172e+05    1.213900e+04
