# Name:    158EN-H
# y_ppm:  129.04064    0.00001
# yw_hz:   17.94141    0.04000
# y_eta:   -0.17106    0.02067
# x_ppm:   10.03083    0.00001
# xw_hz:   16.84597    0.04092
# x_eta:   -0.01609    0.01851
#---------------------------------------------
#          Z               I           I_err
    -12000.0    1.702624e+06    1.213900e+04
     -1800.0    1.201529e+06    1.213900e+04
     -1775.0    1.204922e+06    1.213900e+04
     -1750.0    1.180207e+06    1.213900e+04
     -1725.0    1.188167e+06    1.213900e+04
     -1700.0    1.194531e+06    1.213900e+04
     -1675.0    1.197591e+06    1.213900e+04
     -1650.0    1.185132e+06    1.213900e+04
     -1625.0    1.191352e+06    1.213900e+04
     -1600.0    1.174112e+06    1.213900e+04
     -1575.0    1.194345e+06    1.213900e+04
     -1550.0    1.202892e+06    1.213900e+04
     -1525.0    1.208538e+06    1.213900e+04
     -1500.0    1.210098e+06    1.213900e+04
     -1475.0    1.195176e+06    1.213900e+04
     -1450.0    1.179156e+06    1.213900e+04
     -1425.0    1.166876e+06    1.213900e+04
     -1400.0    1.178941e+06    1.213900e+04
     -1375.0    1.174126e+06    1.213900e+04
     -1350.0    1.188532e+06    1.213900e+04
     -1325.0    1.185178e+06    1.213900e+04
     -1300.0    1.181083e+06    1.213900e+04
     -1275.0    1.186539e+06    1.213900e+04
     -1250.0    1.178848e+06    1.213900e+04
     -1225.0    1.162011e+06    1.213900e+04
     -1200.0    1.187712e+06    1.213900e+04
     -1175.0    1.188650e+06    1.213900e+04
     -1150.0    1.183248e+06    1.213900e+04
     -1125.0    1.165539e+06    1.213900e+04
     -1100.0    1.178210e+06    1.213900e+04
     -1075.0    1.202123e+06    1.213900e+04
     -1050.0    1.201648e+06    1.213900e+04
     -1025.0    1.184009e+06    1.213900e+04
     -1000.0    1.180693e+06    1.213900e+04
      -975.0    1.197330e+06    1.213900e+04
      -950.0    1.174372e+06    1.213900e+04
      -925.0    1.164621e+06    1.213900e+04
      -900.0    1.194862e+06    1.213900e+04
      -875.0    1.182019e+06    1.213900e+04
      -850.0    1.189923e+06    1.213900e+04
      -825.0    1.174945e+06    1.213900e+04
      -800.0    1.177023e+06    1.213900e+04
      -775.0    1.169446e+06    1.213900e+04
      -750.0    1.177594e+06    1.213900e+04
      -725.0    1.170375e+06    1.213900e+04
      -700.0    1.188214e+06    1.213900e+04
      -675.0    1.168383e+06    1.213900e+04
      -650.0    1.180968e+06    1.213900e+04
      -625.0    1.172378e+06    1.213900e+04
      -600.0    1.174048e+06    1.213900e+04
      -575.0    1.157470e+06    1.213900e+04
      -550.0    1.177111e+06    1.213900e+04
      -525.0    1.172496e+06    1.213900e+04
      -500.0    1.179042e+06    1.213900e+04
      -475.0    1.159095e+06    1.213900e+04
      -450.0    1.183535e+06    1.213900e+04
      -425.0    1.171981e+06    1.213900e+04
      -400.0    1.201826e+06    1.213900e+04
      -375.0    1.205635e+06    1.213900e+04
      -350.0    1.177157e+06    1.213900e+04
      -325.0    1.154523e+06    1.213900e+04
      -300.0    1.181542e+06    1.213900e+04
      -275.0    1.202335e+06    1.213900e+04
      -250.0    1.187765e+06    1.213900e+04
      -225.0    1.167859e+06    1.213900e+04
      -200.0    1.169052e+06    1.213900e+04
      -175.0    1.192396e+06    1.213900e+04
      -150.0    1.164133e+06    1.213900e+04
      -125.0    1.167533e+06    1.213900e+04
      -100.0    1.190403e+06    1.213900e+04
       -75.0    1.180618e+06    1.213900e+04
       -50.0    1.179304e+06    1.213900e+04
       -25.0    1.173727e+06    1.213900e+04
         0.0    1.162511e+06    1.213900e+04
        25.0    1.168879e+06    1.213900e+04
        50.0    1.177390e+06    1.213900e+04
        75.0    1.167279e+06    1.213900e+04
       100.0    1.162981e+06    1.213900e+04
       125.0    1.179522e+06    1.213900e+04
       150.0    1.186563e+06    1.213900e+04
       175.0    1.199433e+06    1.213900e+04
       200.0    1.174679e+06    1.213900e+04
       225.0    1.168697e+06    1.213900e+04
       250.0    1.166431e+06    1.213900e+04
       275.0    1.171826e+06    1.213900e+04
       300.0    1.189877e+06    1.213900e+04
       325.0    1.163635e+06    1.213900e+04
       350.0    1.162213e+06    1.213900e+04
       375.0    1.154347e+06    1.213900e+04
       400.0    1.144543e+06    1.213900e+04
       425.0    1.118954e+06    1.213900e+04
       450.0    1.124735e+06    1.213900e+04
       475.0    1.107457e+06    1.213900e+04
       500.0    1.090227e+06    1.213900e+04
       525.0    1.095195e+06    1.213900e+04
       550.0    1.050265e+06    1.213900e+04
       575.0    1.009266e+06    1.213900e+04
       600.0    9.134970e+05    1.213900e+04
       625.0    8.392472e+05    1.213900e+04
       650.0    6.141366e+05    1.213900e+04
       675.0    3.022465e+05    1.213900e+04
       700.0    4.631521e+04    1.213900e+04
       725.0   -8.744203e+03    1.213900e+04
       750.0    1.002097e+04    1.213900e+04
       775.0    2.327687e+05    1.213900e+04
       800.0    5.623813e+05    1.213900e+04
       825.0    7.798335e+05    1.213900e+04
       850.0    9.272571e+05    1.213900e+04
       875.0    1.008541e+06    1.213900e+04
       900.0    1.058291e+06    1.213900e+04
       925.0    1.066006e+06    1.213900e+04
       950.0    1.098968e+06    1.213900e+04
       975.0    1.134816e+06    1.213900e+04
      1000.0    1.126816e+06    1.213900e+04
      1025.0    1.122924e+06    1.213900e+04
      1050.0    1.123694e+06    1.213900e+04
      1075.0    1.150464e+06    1.213900e+04
      1100.0    1.147667e+06    1.213900e+04
      1125.0    1.141209e+06    1.213900e+04
      1150.0    1.173763e+06    1.213900e+04
      1175.0    1.142501e+06    1.213900e+04
      1200.0    1.169314e+06    1.213900e+04
      1225.0    1.147829e+06    1.213900e+04
      1250.0    1.187949e+06    1.213900e+04
      1275.0    1.149667e+06    1.213900e+04
      1300.0    1.177799e+06    1.213900e+04
      1325.0    1.151518e+06    1.213900e+04
      1350.0    1.180098e+06    1.213900e+04
      1375.0    1.179237e+06    1.213900e+04
      1400.0    1.160106e+06    1.213900e+04
      1425.0    1.181868e+06    1.213900e+04
