# Name:      25N-H
# y_ppm:  123.52348    0.00003
# yw_hz:   20.02711    0.08008
# y_eta:    0.00994    0.03065
# x_ppm:    8.84429    0.00002
# xw_hz:   18.33885    0.06569
# x_eta:   -0.33070    0.03037
#---------------------------------------------
#          Z               I           I_err
    -12000.0    9.431487e+05    1.213900e+04
     -1800.0    5.764917e+05    1.213900e+04
     -1775.0    5.728529e+05    1.213900e+04
     -1750.0    5.753569e+05    1.213900e+04
     -1725.0    5.610554e+05    1.213900e+04
     -1700.0    5.747571e+05    1.213900e+04
     -1675.0    5.527148e+05    1.213900e+04
     -1650.0    5.769994e+05    1.213900e+04
     -1625.0    5.726525e+05    1.213900e+04
     -1600.0    5.607791e+05    1.213900e+04
     -1575.0    5.887362e+05    1.213900e+04
     -1550.0    5.782260e+05    1.213900e+04
     -1525.0    6.056952e+05    1.213900e+04
     -1500.0    5.705033e+05    1.213900e+04
     -1475.0    5.474465e+05    1.213900e+04
     -1450.0    5.799451e+05    1.213900e+04
     -1425.0    5.858377e+05    1.213900e+04
     -1400.0    5.697804e+05    1.213900e+04
     -1375.0    5.962231e+05    1.213900e+04
     -1350.0    5.570605e+05    1.213900e+04
     -1325.0    5.569601e+05    1.213900e+04
     -1300.0    5.637003e+05    1.213900e+04
     -1275.0    5.931212e+05    1.213900e+04
     -1250.0    5.662110e+05    1.213900e+04
     -1225.0    6.007419e+05    1.213900e+04
     -1200.0    5.630184e+05    1.213900e+04
     -1175.0    5.730668e+05    1.213900e+04
     -1150.0    5.840854e+05    1.213900e+04
     -1125.0    5.685180e+05    1.213900e+04
     -1100.0    5.665679e+05    1.213900e+04
     -1075.0    5.828646e+05    1.213900e+04
     -1050.0    5.822746e+05    1.213900e+04
     -1025.0    5.881455e+05    1.213900e+04
     -1000.0    5.727951e+05    1.213900e+04
      -975.0    5.949988e+05    1.213900e+04
      -950.0    5.771902e+05    1.213900e+04
      -925.0    5.663926e+05    1.213900e+04
      -900.0    5.699840e+05    1.213900e+04
      -875.0    5.716737e+05    1.213900e+04
      -850.0    5.650042e+05    1.213900e+04
      -825.0    5.626775e+05    1.213900e+04
      -800.0    5.437427e+05    1.213900e+04
      -775.0    5.618022e+05    1.213900e+04
      -750.0    5.718345e+05    1.213900e+04
      -725.0    5.808093e+05    1.213900e+04
      -700.0    5.856565e+05    1.213900e+04
      -675.0    5.771673e+05    1.213900e+04
      -650.0    5.661272e+05    1.213900e+04
      -625.0    5.645174e+05    1.213900e+04
      -600.0    5.682205e+05    1.213900e+04
      -575.0    5.758503e+05    1.213900e+04
      -550.0    5.712840e+05    1.213900e+04
      -525.0    5.888335e+05    1.213900e+04
      -500.0    5.630644e+05    1.213900e+04
      -475.0    5.666567e+05    1.213900e+04
      -450.0    5.892743e+05    1.213900e+04
      -425.0    5.774911e+05    1.213900e+04
      -400.0    5.742190e+05    1.213900e+04
      -375.0    5.882669e+05    1.213900e+04
      -350.0    5.886639e+05    1.213900e+04
      -325.0    5.861478e+05    1.213900e+04
      -300.0    5.769838e+05    1.213900e+04
      -275.0    5.550146e+05    1.213900e+04
      -250.0    5.780172e+05    1.213900e+04
      -225.0    5.568985e+05    1.213900e+04
      -200.0    5.372291e+05    1.213900e+04
      -175.0    5.756823e+05    1.213900e+04
      -150.0    5.450665e+05    1.213900e+04
      -125.0    5.542643e+05    1.213900e+04
      -100.0    5.572868e+05    1.213900e+04
       -75.0    5.534502e+05    1.213900e+04
       -50.0    5.601099e+05    1.213900e+04
       -25.0    5.754183e+05    1.213900e+04
         0.0    5.376153e+05    1.213900e+04
        25.0    5.452521e+05    1.213900e+04
        50.0    5.525313e+05    1.213900e+04
        75.0    5.000955e+05    1.213900e+04
       100.0    4.899769e+05    1.213900e+04
       125.0    4.749050e+05    1.213900e+04
       150.0    4.274138e+05    1.213900e+04
       175.0    3.890618e+05    1.213900e+04
       200.0    2.767529e+05    1.213900e+04
       225.0    1.507901e+05    1.213900e+04
       250.0    6.299629e+03    1.213900e+04
       275.0   -9.548888e+03    1.213900e+04
       300.0    3.214194e+01    1.213900e+04
       325.0    4.409172e+04    1.213900e+04
       350.0    2.238565e+05    1.213900e+04
       375.0    3.326034e+05    1.213900e+04
       400.0    3.887402e+05    1.213900e+04
       425.0    4.471064e+05    1.213900e+04
       450.0    4.756904e+05    1.213900e+04
       475.0    4.842704e+05    1.213900e+04
       500.0    5.107388e+05    1.213900e+04
       525.0    5.188546e+05    1.213900e+04
       550.0    5.483333e+05    1.213900e+04
       575.0    5.443210e+05    1.213900e+04
       600.0    5.377751e+05    1.213900e+04
       625.0    5.439098e+05    1.213900e+04
       650.0    5.630608e+05    1.213900e+04
       675.0    5.439245e+05    1.213900e+04
       700.0    5.405970e+05    1.213900e+04
       725.0    5.590333e+05    1.213900e+04
       750.0    5.596915e+05    1.213900e+04
       775.0    5.419389e+05    1.213900e+04
       800.0    5.742561e+05    1.213900e+04
       825.0    5.658553e+05    1.213900e+04
       850.0    5.431712e+05    1.213900e+04
       875.0    5.695010e+05    1.213900e+04
       900.0    5.904415e+05    1.213900e+04
       925.0    5.863012e+05    1.213900e+04
       950.0    5.649938e+05    1.213900e+04
       975.0    5.661950e+05    1.213900e+04
      1000.0    5.672006e+05    1.213900e+04
      1025.0    5.898104e+05    1.213900e+04
      1050.0    5.868470e+05    1.213900e+04
      1075.0    5.735523e+05    1.213900e+04
      1100.0    5.872207e+05    1.213900e+04
      1125.0    5.708375e+05    1.213900e+04
      1150.0    5.647683e+05    1.213900e+04
      1175.0    5.776384e+05    1.213900e+04
      1200.0    5.512904e+05    1.213900e+04
      1225.0    5.831985e+05    1.213900e+04
      1250.0    5.985062e+05    1.213900e+04
      1275.0    5.852155e+05    1.213900e+04
      1300.0    5.804473e+05    1.213900e+04
      1325.0    5.829674e+05    1.213900e+04
      1350.0    5.932464e+05    1.213900e+04
      1375.0    5.882494e+05    1.213900e+04
      1400.0    5.755073e+05    1.213900e+04
      1425.0    5.859182e+05    1.213900e+04
