# Name:      84N-H
# y_ppm:  115.90853    0.00002
# yw_hz:   20.02456    0.05244
# y_eta:   -0.01660    0.02086
# x_ppm:    7.80308    0.00002
# xw_hz:   19.85362    0.05341
# x_eta:    0.02017    0.02197
#---------------------------------------------
#          Z               I           I_err
    -12000.0    7.484440e+05    1.213900e+04
     -1800.0    4.578765e+05    1.213900e+04
     -1775.0    4.815728e+05    1.213900e+04
     -1750.0    4.846088e+05    1.213900e+04
     -1725.0    4.719444e+05    1.213900e+04
     -1700.0    4.407456e+05    1.213900e+04
     -1675.0    4.628601e+05    1.213900e+04
     -1650.0    4.778846e+05    1.213900e+04
     -1625.0    4.457394e+05    1.213900e+04
     -1600.0    4.650985e+05    1.213900e+04
     -1575.0    4.461526e+05    1.213900e+04
     -1550.0    4.452771e+05    1.213900e+04
     -1525.0    4.638934e+05    1.213900e+04
     -1500.0    4.601015e+05    1.213900e+04
     -1475.0    4.676620e+05    1.213900e+04
     -1450.0    4.618062e+05    1.213900e+04
     -1425.0    4.731089e+05    1.213900e+04
     -1400.0    4.899980e+05    1.213900e+04
     -1375.0    4.621083e+05    1.213900e+04
     -1350.0    4.626052e+05    1.213900e+04
     -1325.0    4.746151e+05    1.213900e+04
     -1300.0    4.621065e+05    1.213900e+04
     -1275.0    4.809464e+05    1.213900e+04
     -1250.0    4.612668e+05    1.213900e+04
     -1225.0    4.540471e+05    1.213900e+04
     -1200.0    4.487195e+05    1.213900e+04
     -1175.0    4.945994e+05    1.213900e+04
     -1150.0    4.689500e+05    1.213900e+04
     -1125.0    4.709539e+05    1.213900e+04
     -1100.0    4.745875e+05    1.213900e+04
     -1075.0    4.620623e+05    1.213900e+04
     -1050.0    4.447382e+05    1.213900e+04
     -1025.0    4.623212e+05    1.213900e+04
     -1000.0    4.705282e+05    1.213900e+04
      -975.0    4.528391e+05    1.213900e+04
      -950.0    4.734836e+05    1.213900e+04
      -925.0    4.447209e+05    1.213900e+04
      -900.0    4.559341e+05    1.213900e+04
      -875.0    4.679990e+05    1.213900e+04
      -850.0    4.640288e+05    1.213900e+04
      -825.0    4.705271e+05    1.213900e+04
      -800.0    4.613340e+05    1.213900e+04
      -775.0    4.386363e+05    1.213900e+04
      -750.0    4.687182e+05    1.213900e+04
      -725.0    4.375086e+05    1.213900e+04
      -700.0    4.453288e+05    1.213900e+04
      -675.0    4.574337e+05    1.213900e+04
      -650.0    4.483820e+05    1.213900e+04
      -625.0    4.305045e+05    1.213900e+04
      -600.0    4.102873e+05    1.213900e+04
      -575.0    4.449346e+05    1.213900e+04
      -550.0    4.163872e+05    1.213900e+04
      -525.0    3.818692e+05    1.213900e+04
      -500.0    3.795223e+05    1.213900e+04
      -475.0    3.513460e+05    1.213900e+04
      -450.0    3.204189e+05    1.213900e+04
      -425.0    2.541509e+05    1.213900e+04
      -400.0    1.586952e+05    1.213900e+04
      -375.0    3.294281e+04    1.213900e+04
      -350.0    1.474513e+04    1.213900e+04
      -325.0   -2.915131e+04    1.213900e+04
      -300.0    2.289526e+04    1.213900e+04
      -275.0    1.179714e+05    1.213900e+04
      -250.0    2.400142e+05    1.213900e+04
      -225.0    2.915248e+05    1.213900e+04
      -200.0    3.310208e+05    1.213900e+04
      -175.0    3.785847e+05    1.213900e+04
      -150.0    3.933757e+05    1.213900e+04
      -125.0    4.106293e+05    1.213900e+04
      -100.0    4.146311e+05    1.213900e+04
       -75.0    4.390705e+05    1.213900e+04
       -50.0    4.458338e+05    1.213900e+04
       -25.0    4.404596e+05    1.213900e+04
         0.0    4.429671e+05    1.213900e+04
        25.0    4.362277e+05    1.213900e+04
        50.0    4.394730e+05    1.213900e+04
        75.0    4.380153e+05    1.213900e+04
       100.0    4.449584e+05    1.213900e+04
       125.0    4.538781e+05    1.213900e+04
       150.0    4.465911e+05    1.213900e+04
       175.0    4.491700e+05    1.213900e+04
       200.0    4.641750e+05    1.213900e+04
       225.0    4.583582e+05    1.213900e+04
       250.0    4.702668e+05    1.213900e+04
       275.0    4.719078e+05    1.213900e+04
       300.0    4.444452e+05    1.213900e+04
       325.0    4.693338e+05    1.213900e+04
       350.0    4.872707e+05    1.213900e+04
       375.0    4.745809e+05    1.213900e+04
       400.0    4.723624e+05    1.213900e+04
       425.0    4.585712e+05    1.213900e+04
       450.0    4.852642e+05    1.213900e+04
       475.0    4.639173e+05    1.213900e+04
       500.0    4.642176e+05    1.213900e+04
       525.0    4.668566e+05    1.213900e+04
       550.0    4.644917e+05    1.213900e+04
       575.0    4.748969e+05    1.213900e+04
       600.0    4.826890e+05    1.213900e+04
       625.0    4.422980e+05    1.213900e+04
       650.0    4.840970e+05    1.213900e+04
       675.0    4.561880e+05    1.213900e+04
       700.0    4.644309e+05    1.213900e+04
       725.0    4.878705e+05    1.213900e+04
       750.0    4.794627e+05    1.213900e+04
       775.0    4.700382e+05    1.213900e+04
       800.0    4.655322e+05    1.213900e+04
       825.0    4.720259e+05    1.213900e+04
       850.0    4.758681e+05    1.213900e+04
       875.0    4.772977e+05    1.213900e+04
       900.0    4.758386e+05    1.213900e+04
       925.0    4.509923e+05    1.213900e+04
       950.0    4.660713e+05    1.213900e+04
       975.0    4.750740e+05    1.213900e+04
      1000.0    4.772005e+05    1.213900e+04
      1025.0    4.627997e+05    1.213900e+04
      1050.0    4.786120e+05    1.213900e+04
      1075.0    4.711009e+05    1.213900e+04
      1100.0    4.616447e+05    1.213900e+04
      1125.0    4.659906e+05    1.213900e+04
      1150.0    4.635048e+05    1.213900e+04
      1175.0    4.676628e+05    1.213900e+04
      1200.0    4.728888e+05    1.213900e+04
      1225.0    4.583502e+05    1.213900e+04
      1250.0    4.660337e+05    1.213900e+04
      1275.0    4.653521e+05    1.213900e+04
      1300.0    4.878047e+05    1.213900e+04
      1325.0    4.611494e+05    1.213900e+04
      1350.0    4.700455e+05    1.213900e+04
      1375.0    4.782414e+05    1.213900e+04
      1400.0    4.782284e+05    1.213900e+04
      1425.0    4.797648e+05    1.213900e+04
